2022-03-21 15:09:04,338:INFO:
2022-03-21 15:09:04,339:INFO:{"Type": "Null", "Content": "Nothing", "Emotion": "neutral", "prob_score": null}
2022-03-21 15:09:04,788:INFO:
2022-03-21 15:09:04,788:INFO:{"Type": "Null", "Content": "Nothing", "Emotion": "neutral", "prob_score": null}
2022-03-21 15:12:51,221:INFO:
2022-03-21 15:12:51,221:INFO:{"Type": "Null", "Content": "Nothing", "Emotion": "neutral", "prob_score": null}
2022-03-21 15:12:51,663:INFO:
2022-03-21 15:12:51,663:INFO:{"Type": "Null", "Content": "Nothing", "Emotion": "neutral", "prob_score": null}
2022-03-21 15:24:31,009:INFO:
2022-03-21 15:24:31,010:INFO:{"Type": "Null", "Content": "Nothing", "Emotion": "neutral", "prob_score": null}
2022-03-21 15:24:31,431:INFO:
2022-03-21 15:24:31,431:INFO:{"Type": "Null", "Content": "Nothing", "Emotion": "neutral", "prob_score": null}
2022-03-21 15:24:43,847:INFO:
2022-03-21 15:24:43,847:INFO:{"Type": "greet", "Content": "Hi, I am a demon of the underworld, horrible to meet you", "Emotion": "neutral", "prob_score": null}
2022-03-21 15:24:43,857:INFO:
2022-03-21 15:24:43,857:INFO:{"Type": "greet", "Content": "Hello there my name is Artorius the second", "Emotion": "neutral", "prob_score": null}
2022-03-21 15:24:43,879:INFO:
2022-03-21 15:24:43,880:INFO:{"Type": "greet", "Content": "Hello there my name is Magdela", "Emotion": "neutral", "prob_score": null}
2022-03-21 15:24:43,889:INFO:
2022-03-21 15:24:43,889:INFO:{"Type": "greet", "Content": "Hi, I am a demon of the underworld, horrible to meet you", "Emotion": "neutral", "prob_score": null}
2022-03-21 15:24:43,910:INFO:
2022-03-21 15:24:43,910:INFO:{"Type": "greet", "Content": "Hi, I am a demon of the underworld, horrible to meet you", "Emotion": "neutral", "prob_score": null}
2022-03-21 15:24:43,920:INFO:
2022-03-21 15:24:43,920:INFO:{"Type": "greet", "Content": "Hello there my name is Artorius the second", "Emotion": "neutral", "prob_score": null}
2022-03-21 15:24:43,931:INFO:
2022-03-21 15:24:43,931:INFO:{"Type": "greet", "Content": "Hi, I am a demon of the underworld, horrible to meet you", "Emotion": "neutral", "prob_score": null}
2022-03-21 15:24:43,939:INFO:
2022-03-21 15:24:43,939:INFO:{"Type": "greet", "Content": "Hi, I am a demon of the underworld, horrible to meet you", "Emotion": "neutral", "prob_score": null}
2022-03-21 15:28:02,907:INFO:
2022-03-21 15:28:02,907:INFO:{"Type": "Null", "Content": "Nothing", "Emotion": "neutral", "prob_score": null}
2022-03-21 15:28:03,341:INFO:
2022-03-21 15:28:03,341:INFO:{"Type": "Null", "Content": "Nothing", "Emotion": "neutral", "prob_score": null}
2022-03-21 15:28:08,335:INFO:
2022-03-21 15:28:08,335:INFO:{"Type": "greet", "Content": "Hi, I am a demon of the underworld, horrible to meet you", "Emotion": "neutral", "prob_score": null}
2022-03-21 15:28:08,371:INFO:
2022-03-21 15:28:08,371:INFO:{"Type": "greet", "Content": "Hi, I am a demon of the underworld, horrible to meet you", "Emotion": "neutral", "prob_score": null}
2022-03-21 15:28:08,399:INFO:
2022-03-21 15:28:08,399:INFO:{"Type": "greet", "Content": "Hi, I am a demon of the underworld, horrible to meet you", "Emotion": "neutral", "prob_score": null}
2022-03-21 15:28:08,409:INFO:
2022-03-21 15:28:08,409:INFO:{"Type": "greet", "Content": "Hi, I am a demon of the underworld, horrible to meet you", "Emotion": "neutral", "prob_score": null}
2022-03-21 15:28:08,420:INFO:
2022-03-21 15:28:08,420:INFO:{"Type": "greet", "Content": "Hello there my name is Magdela", "Emotion": "neutral", "prob_score": null}
2022-03-21 15:28:08,430:INFO:
2022-03-21 15:28:08,430:INFO:{"Type": "greet", "Content": "Hi, I am a demon of the underworld, horrible to meet you", "Emotion": "neutral", "prob_score": null}
2022-03-21 15:28:08,442:INFO:
2022-03-21 15:28:08,442:INFO:{"Type": "greet", "Content": "Hello there my name is Magdela", "Emotion": "neutral", "prob_score": null}
2022-03-21 15:28:08,451:INFO:
2022-03-21 15:28:08,451:INFO:{"Type": "greet", "Content": "Hi, I am a demon of the underworld, horrible to meet you", "Emotion": "neutral", "prob_score": null}
2022-03-21 15:29:14,550:INFO:
2022-03-21 15:29:14,551:INFO:{"Type": "Null", "Content": "Nothing", "Emotion": "neutral", "prob_score": null}
2022-03-21 15:29:14,957:INFO:
2022-03-21 15:29:14,957:INFO:{"Type": "Null", "Content": "Nothing", "Emotion": "neutral", "prob_score": null}
2022-03-21 15:29:19,150:INFO:
2022-03-21 15:29:19,150:INFO:{"Type": "greet", "Content": "Hi, I am a demon of the underworld, horrible to meet you", "Emotion": "neutral", "prob_score": null}
2022-03-21 15:29:19,161:INFO:
2022-03-21 15:29:19,161:INFO:{"Type": "greet", "Content": "Hi, I am a demon of the underworld, horrible to meet you", "Emotion": "neutral", "prob_score": null}
2022-03-21 15:29:19,185:INFO:
2022-03-21 15:29:19,185:INFO:{"Type": "greet", "Content": "Hello there my name is Magdela", "Emotion": "neutral", "prob_score": null}
2022-03-21 15:29:19,196:INFO:
2022-03-21 15:29:19,196:INFO:{"Type": "greet", "Content": "Hello there my name is Artorius the second", "Emotion": "neutral", "prob_score": null}
2022-03-21 15:29:19,206:INFO:
2022-03-21 15:29:19,206:INFO:{"Type": "greet", "Content": "Hi, I am a demon of the underworld, horrible to meet you", "Emotion": "neutral", "prob_score": null}
2022-03-21 15:29:19,215:INFO:
2022-03-21 15:29:19,215:INFO:{"Type": "greet", "Content": "Hello there my name is Artorius the second", "Emotion": "neutral", "prob_score": null}
2022-03-21 15:29:29,298:INFO:What is your age?
2022-03-21 15:29:29,298:INFO:{"Type": "response", "Content": "You'd be better off asking me something else", "Emotion": "neutral", "prob_score": null}
2022-03-21 15:29:40,323:INFO:Where are you from?
2022-03-21 15:29:40,323:INFO:{"Type": "response", "Content": "I'm from Berlin.", "Emotion": "neutral", "prob_score": null}
2022-03-21 15:29:52,525:INFO:What is your favourite city in Germany?
2022-03-21 15:29:52,525:INFO:{"Type": "response", "Content": "Berlin.", "Emotion": "neutral", "prob_score": null}
2022-03-21 15:30:00,967:INFO:Why do you like Berlin?
2022-03-21 15:30:00,967:INFO:{"Type": "response", "Content": "I like Berlin because it's a very beautiful city.", "Emotion": "neutral", "prob_score": null}
2022-03-21 15:30:42,110:INFO:Do you like to play games??
2022-03-21 15:30:42,111:INFO:{"Type": "response", "Content": "Yes, I do.", "Emotion": "neutral", "prob_score": null}
2022-03-21 15:30:54,301:INFO:What games do you like?
2022-03-21 15:30:54,301:INFO:{"Type": "response", "Content": "I like the Sims, I like the Sims 2, I like the Sims 3, I like the Sims 4, I like the Sims 5, I like the Sims 6, I like the Sims 7", "Emotion": "neutral", "prob_score": null}
2022-03-21 15:31:16,568:INFO:Why do you like the Sims so much?
2022-03-21 15:31:16,568:INFO:{"Type": "response", "Content": "I like the Sims because I can make my own house and I can make my own family.", "Emotion": "neutral", "prob_score": null}
2022-03-21 15:31:39,376:INFO:Do you have a family?
2022-03-21 15:31:39,376:INFO:{"Type": "response", "Content": "You'd be better off asking me something else", "Emotion": "neutral", "prob_score": null}
2022-03-21 15:31:51,532:INFO:You wanna smash?
2022-03-21 15:31:51,532:INFO:{"Type": "response", "Content": "I'm not sure I can help you with that...", "Emotion": "neutral", "prob_score": null}
2022-03-21 15:32:13,236:INFO:Who's your favourite character from the hobbit?
2022-03-21 15:32:13,236:INFO:{"Type": "response", "Content": "Bilbo Baggins.", "Emotion": "neutral", "prob_score": null}
2022-03-21 15:32:24,963:INFO:How old was Bilbo Baggins when he died?
2022-03-21 15:32:24,963:INFO:{"Type": "response", "Content": "This is not the information you're looking for...", "Emotion": "neutral", "prob_score": null}
2022-03-21 15:32:37,350:INFO:I don't like the sims
2022-03-21 15:32:37,350:INFO:{"Type": "response", "Content": "You could at least try to be interesting...", "Emotion": "neutral", "prob_score": null}
2022-03-21 15:36:07,387:INFO:
2022-03-21 15:36:07,387:INFO:{"Type": "Null", "Content": "Nothing", "Emotion": "neutral", "prob_score": null}
2022-03-21 15:36:07,773:INFO:
2022-03-21 15:36:07,773:INFO:{"Type": "Null", "Content": "Nothing", "Emotion": "neutral", "prob_score": null}
2022-03-21 15:36:12,257:INFO:
2022-03-21 15:36:12,257:INFO:{"Type": "greet", "Content": "Hi, I am a demon of the underworld, horrible to meet you", "Emotion": "neutral", "prob_score": null}
2022-03-21 15:36:12,280:INFO:
2022-03-21 15:36:12,280:INFO:{"Type": "greet", "Content": "Hello there my name is Magdela", "Emotion": "neutral", "prob_score": null}
2022-03-21 15:36:12,303:INFO:
2022-03-21 15:36:12,303:INFO:{"Type": "greet", "Content": "Hi, I am a demon of the underworld, horrible to meet you", "Emotion": "neutral", "prob_score": null}
2022-03-21 15:36:12,325:INFO:
2022-03-21 15:36:12,325:INFO:{"Type": "greet", "Content": "Hello there my name is Magdela", "Emotion": "neutral", "prob_score": null}
2022-03-21 15:36:26,348:INFO:Who are you?
2022-03-21 15:36:26,348:INFO:{"Type": "response", "Content": "This is not the information you're looking for...", "Emotion": "neutral", "prob_score": null}
2022-03-21 15:36:36,629:INFO:Do you smell like roses?
2022-03-21 15:36:36,629:INFO:{"Type": "response", "Content": "No.", "Emotion": "neutral", "prob_score": null}
2022-03-21 15:52:51,499:INFO:
2022-03-21 15:52:51,500:INFO:{"Type": "Null", "Content": "Nothing", "Emotion": "neutral", "prob_score": null}
2022-03-21 15:52:51,906:INFO:
2022-03-21 15:52:51,906:INFO:{"Type": "Null", "Content": "Nothing", "Emotion": "neutral", "prob_score": null}
2022-03-21 16:08:40,252:INFO:
2022-03-21 16:08:40,252:INFO:{"Type": "Null", "Content": "Nothing", "Emotion": "neutral", "prob_score": null}
2022-03-21 16:08:40,661:INFO:
2022-03-21 16:08:40,661:INFO:{"Type": "Null", "Content": "Nothing", "Emotion": "neutral", "prob_score": null}
2022-03-21 16:09:24,236:INFO:
2022-03-21 16:09:24,237:INFO:{"Type": "Null", "Content": "Nothing", "Emotion": "neutral", "prob_score": null}
2022-03-21 16:09:24,619:INFO:
2022-03-21 16:09:24,619:INFO:{"Type": "Null", "Content": "Nothing", "Emotion": "neutral", "prob_score": null}
2022-03-21 16:16:58,981:INFO:
2022-03-21 16:16:58,981:INFO:{"Type": "Null", "Content": "Nothing", "Emotion": "neutral", "prob_score": null}
2022-03-21 16:16:59,374:INFO:
2022-03-21 16:16:59,374:INFO:{"Type": "Null", "Content": "Nothing", "Emotion": "neutral", "prob_score": null}
2022-03-21 16:17:11,838:INFO:
2022-03-21 16:17:11,838:INFO:{"Type": "greet", "Content": "Hi, I am a demon of the underworld, horrible to meet you", "Emotion": "neutral", "prob_score": null}
2022-03-21 16:17:11,848:INFO:
2022-03-21 16:17:11,848:INFO:{"Type": "greet", "Content": "Hello there my name is Artorius the second", "Emotion": "neutral", "prob_score": null}
2022-03-21 16:17:15,688:INFO:
2022-03-21 16:17:15,688:INFO:{"Type": "greet", "Content": "Hello there my name is Magdela", "Emotion": "neutral", "prob_score": null}
2022-03-21 16:17:15,696:INFO:
2022-03-21 16:17:15,696:INFO:{"Type": "greet", "Content": "Hi, I am a demon of the underworld, horrible to meet you", "Emotion": "neutral", "prob_score": null}
2022-03-21 16:17:15,705:INFO:
2022-03-21 16:17:15,706:INFO:{"Type": "greet", "Content": "Hello there my name is Magdela", "Emotion": "neutral", "prob_score": null}
2022-03-21 16:17:15,714:INFO:
2022-03-21 16:17:15,714:INFO:{"Type": "greet", "Content": "Hi, I am a demon of the underworld, horrible to meet you", "Emotion": "neutral", "prob_score": null}
2022-03-21 16:17:15,724:INFO:
2022-03-21 16:17:15,724:INFO:{"Type": "greet", "Content": "Hello there my name is Magdela", "Emotion": "neutral", "prob_score": null}
2022-03-21 16:17:15,736:INFO:
2022-03-21 16:17:15,736:INFO:{"Type": "greet", "Content": "Hello there my name is Artorius the second", "Emotion": "neutral", "prob_score": null}
2022-03-21 16:17:15,749:INFO:
2022-03-21 16:17:15,749:INFO:{"Type": "greet", "Content": "Hi, I am a demon of the underworld, horrible to meet you", "Emotion": "neutral", "prob_score": null}
2022-03-21 16:17:15,757:INFO:
2022-03-21 16:17:15,758:INFO:{"Type": "greet", "Content": "Hello there my name is Artorius the second", "Emotion": "neutral", "prob_score": null}
2022-03-21 16:19:28,831:INFO:
2022-03-21 16:19:28,831:INFO:{"Type": "Null", "Content": "Nothing", "Emotion": "neutral", "prob_score": null}
2022-03-21 16:19:29,379:INFO:
2022-03-21 16:19:29,379:INFO:{"Type": "Null", "Content": "Nothing", "Emotion": "neutral", "prob_score": null}
2022-03-21 16:42:39,449:INFO:
2022-03-21 16:42:39,449:INFO:{"Type": "Null", "Content": "Nothing", "Emotion": "neutral", "prob_score": null}
2022-03-21 16:42:39,843:INFO:
2022-03-21 16:42:39,843:INFO:{"Type": "Null", "Content": "Nothing", "Emotion": "neutral", "prob_score": null}
2022-03-21 16:44:50,813:INFO:
2022-03-21 16:44:50,814:INFO:{"Type": "Null", "Content": "Nothing", "Emotion": "neutral", "prob_score": null}
2022-03-21 16:44:51,197:INFO:
2022-03-21 16:44:51,197:INFO:{"Type": "Null", "Content": "Nothing", "Emotion": "neutral", "prob_score": null}
2022-03-21 16:45:42,121:INFO:
2022-03-21 16:45:42,121:INFO:{"Type": "Null", "Content": "Nothing", "Emotion": "neutral", "prob_score": null}
2022-03-21 16:45:42,661:INFO:
2022-03-21 16:45:42,662:INFO:{"Type": "Null", "Content": "Nothing", "Emotion": "neutral", "prob_score": null}
2022-03-21 16:46:23,126:INFO:
2022-03-21 16:46:23,126:INFO:{"Type": "Null", "Content": "Nothing", "Emotion": "neutral", "prob_score": null}
2022-03-21 16:46:23,517:INFO:
2022-03-21 16:46:23,517:INFO:{"Type": "Null", "Content": "Nothing", "Emotion": "neutral", "prob_score": null}
2022-03-21 16:47:01,657:INFO:
2022-03-21 16:47:01,658:INFO:{"Type": "Null", "Content": "Nothing", "Emotion": "neutral", "prob_score": null}
2022-03-21 16:47:02,041:INFO:
2022-03-21 16:47:02,041:INFO:{"Type": "Null", "Content": "Nothing", "Emotion": "neutral", "prob_score": null}
2022-03-21 16:48:36,739:INFO:
2022-03-21 16:48:36,739:INFO:{"Type": "Null", "Content": "Nothing", "Emotion": "neutral", "prob_score": null}
2022-03-21 16:48:37,286:INFO:
2022-03-21 16:48:37,287:INFO:{"Type": "Null", "Content": "Nothing", "Emotion": "neutral", "prob_score": null}
2022-03-21 16:49:03,333:INFO:
2022-03-21 16:49:03,333:INFO:{"Type": "greet", "Content": "Hi, I am a demon of the underworld, horrible to meet you", "Emotion": "neutral", "prob_score": null}
2022-03-21 16:49:03,343:INFO:
2022-03-21 16:49:03,343:INFO:{"Type": "greet", "Content": "Hello there my name is Artorius the second", "Emotion": "neutral", "prob_score": null}
2022-03-21 16:49:03,363:INFO:
2022-03-21 16:49:03,363:INFO:{"Type": "greet", "Content": "Hello there my name is Magdela", "Emotion": "neutral", "prob_score": null}
2022-03-21 16:49:03,372:INFO:
2022-03-21 16:49:03,372:INFO:{"Type": "greet", "Content": "Hi, I am a demon of the underworld, horrible to meet you", "Emotion": "neutral", "prob_score": null}
2022-03-21 16:49:03,380:INFO:
2022-03-21 16:49:03,380:INFO:{"Type": "greet", "Content": "Hello there my name is Magdela", "Emotion": "neutral", "prob_score": null}
2022-03-21 16:49:03,390:INFO:
2022-03-21 16:49:03,390:INFO:{"Type": "greet", "Content": "Hello there my name is Artorius the second", "Emotion": "neutral", "prob_score": null}
2022-03-21 16:49:05,726:INFO:
2022-03-21 16:49:05,726:INFO:{"Type": "greet", "Content": "Hello there my name is Magdela", "Emotion": "neutral", "prob_score": null}
2022-03-21 16:49:05,734:INFO:
2022-03-21 16:49:05,734:INFO:{"Type": "greet", "Content": "Hi, I am a demon of the underworld, horrible to meet you", "Emotion": "neutral", "prob_score": null}
2022-03-21 16:49:05,755:INFO:
2022-03-21 16:49:05,755:INFO:{"Type": "greet", "Content": "Hello there my name is Magdela", "Emotion": "neutral", "prob_score": null}
2022-03-21 16:49:05,763:INFO:
2022-03-21 16:49:05,763:INFO:{"Type": "greet", "Content": "Hello there my name is Artorius the second", "Emotion": "neutral", "prob_score": null}
2022-03-21 16:49:05,773:INFO:
2022-03-21 16:49:05,773:INFO:{"Type": "greet", "Content": "Hi, I am a demon of the underworld, horrible to meet you", "Emotion": "neutral", "prob_score": null}
2022-03-21 16:49:05,780:INFO:
2022-03-21 16:49:05,780:INFO:{"Type": "greet", "Content": "Hi, I am a demon of the underworld, horrible to meet you", "Emotion": "neutral", "prob_score": null}
2022-03-21 16:49:24,571:INFO:
2022-03-21 16:49:24,571:INFO:{"Type": "Null", "Content": "Nothing", "Emotion": "neutral", "prob_score": null}
2022-03-21 16:49:24,966:INFO:
2022-03-21 16:49:24,966:INFO:{"Type": "Null", "Content": "Nothing", "Emotion": "neutral", "prob_score": null}
2022-03-21 16:50:13,318:INFO:
2022-03-21 16:50:13,318:INFO:{"Type": "greet", "Content": "Hi, I am a demon of the underworld, horrible to meet you", "Emotion": "neutral", "prob_score": null}
2022-03-21 16:50:13,356:INFO:
2022-03-21 16:50:13,356:INFO:{"Type": "greet", "Content": "Hi, I am a demon of the underworld, horrible to meet you", "Emotion": "neutral", "prob_score": null}
2022-03-21 16:50:13,360:INFO:
2022-03-21 16:50:13,360:INFO:{"Type": "greet", "Content": "Hello there my name is Artorius the second", "Emotion": "neutral", "prob_score": null}
2022-03-21 16:50:13,383:INFO:
2022-03-21 16:50:13,383:INFO:{"Type": "greet", "Content": "Hello there my name is Artorius the second", "Emotion": "neutral", "prob_score": null}
2022-03-21 16:50:13,388:INFO:
2022-03-21 16:50:13,388:INFO:{"Type": "greet", "Content": "Hi, I am a demon of the underworld, horrible to meet you", "Emotion": "neutral", "prob_score": null}
2022-03-21 16:50:13,426:INFO:
2022-03-21 16:50:13,426:INFO:{"Type": "greet", "Content": "Hi, I am a demon of the underworld, horrible to meet you", "Emotion": "neutral", "prob_score": null}
2022-03-21 16:50:54,152:INFO:
2022-03-21 16:50:54,152:INFO:{"Type": "Null", "Content": "Nothing", "Emotion": "neutral", "prob_score": null}
2022-03-21 16:50:54,535:INFO:
2022-03-21 16:50:54,535:INFO:{"Type": "Null", "Content": "Nothing", "Emotion": "neutral", "prob_score": null}
2022-03-21 16:50:57,831:INFO:
2022-03-21 16:50:57,831:INFO:{"Type": "greet", "Content": "Hi, I am a demon of the underworld, horrible to meet you", "Emotion": "neutral", "prob_score": null}
2022-03-21 16:50:57,839:INFO:
2022-03-21 16:50:57,840:INFO:{"Type": "greet", "Content": "Hello there my name is Artorius the second", "Emotion": "neutral", "prob_score": null}
2022-03-21 16:50:57,859:INFO:
2022-03-21 16:50:57,859:INFO:{"Type": "greet", "Content": "Hi, I am a demon of the underworld, horrible to meet you", "Emotion": "neutral", "prob_score": null}
2022-03-21 16:50:57,868:INFO:
2022-03-21 16:50:57,868:INFO:{"Type": "greet", "Content": "Hello there my name is Artorius the second", "Emotion": "neutral", "prob_score": null}
2022-03-21 16:51:09,008:INFO:Hey what is your occupation?
2022-03-21 16:51:09,008:INFO:{"Type": "response", "Content": "This is not the information you're looking for...", "Emotion": "neutral", "prob_score": null}
2022-03-21 16:51:17,707:INFO:What are your likes?
2022-03-21 16:51:17,708:INFO:{"Type": "response", "Content": "I'm not sure I can help you with that...", "Emotion": "neutral", "prob_score": null}
2022-03-21 16:59:40,008:INFO:
2022-03-21 16:59:40,008:INFO:{"Type": "Null", "Content": "Nothing", "Emotion": "neutral", "prob_score": null}
2022-03-21 16:59:40,392:INFO:
2022-03-21 16:59:40,392:INFO:{"Type": "Null", "Content": "Nothing", "Emotion": "neutral", "prob_score": null}
2022-03-21 17:46:46,100:INFO:
2022-03-21 17:46:46,100:INFO:{"Type": "Null", "Content": "Nothing", "Emotion": "neutral", "prob_score": null}
2022-03-21 17:46:46,516:INFO:
2022-03-21 17:46:46,516:INFO:{"Type": "Null", "Content": "Nothing", "Emotion": "neutral", "prob_score": null}
2022-03-21 17:49:56,303:INFO:
2022-03-21 17:49:56,303:INFO:{"Type": "Null", "Content": "Nothing", "Emotion": "neutral", "prob_score": null}
2022-03-21 17:49:56,771:INFO:
2022-03-21 17:49:56,771:INFO:{"Type": "Null", "Content": "Nothing", "Emotion": "neutral", "prob_score": null}
2022-03-21 17:50:26,551:INFO:
2022-03-21 17:50:26,551:INFO:{"Type": "Null", "Content": "Nothing", "Emotion": "neutral", "prob_score": null}
2022-03-21 17:50:26,943:INFO:
2022-03-21 17:50:26,944:INFO:{"Type": "Null", "Content": "Nothing", "Emotion": "neutral", "prob_score": null}
2022-03-21 17:50:47,747:INFO:
2022-03-21 17:50:47,747:INFO:{"Type": "Null", "Content": "Nothing", "Emotion": "neutral", "prob_score": null}
2022-03-21 17:50:48,261:INFO:
2022-03-21 17:50:48,261:INFO:{"Type": "Null", "Content": "Nothing", "Emotion": "neutral", "prob_score": null}
2022-03-21 17:51:13,895:INFO:
2022-03-21 17:51:13,895:INFO:{"Type": "Null", "Content": "Nothing", "Emotion": "neutral", "prob_score": null}
2022-03-21 17:51:14,450:INFO:
2022-03-21 17:51:14,451:INFO:{"Type": "Null", "Content": "Nothing", "Emotion": "neutral", "prob_score": null}
2022-03-21 17:53:16,468:INFO:
2022-03-21 17:53:16,468:INFO:{"Type": "Null", "Content": "Nothing", "Emotion": "neutral", "prob_score": null}
2022-03-21 17:53:16,929:INFO:
2022-03-21 17:53:16,929:INFO:{"Type": "Null", "Content": "Nothing", "Emotion": "neutral", "prob_score": null}
2022-03-21 17:53:40,293:INFO:
2022-03-21 17:53:40,293:INFO:{"Type": "Null", "Content": "Nothing", "Emotion": "neutral", "prob_score": null}
2022-03-21 17:53:40,719:INFO:
2022-03-21 17:53:40,719:INFO:{"Type": "Null", "Content": "Nothing", "Emotion": "neutral", "prob_score": null}
2022-03-21 17:53:55,377:INFO:
2022-03-21 17:53:55,377:INFO:{"Type": "Null", "Content": "Nothing", "Emotion": "neutral", "prob_score": null}
2022-03-21 17:53:55,979:INFO:
2022-03-21 17:53:55,979:INFO:{"Type": "Null", "Content": "Nothing", "Emotion": "neutral", "prob_score": null}
2022-03-21 17:55:19,845:INFO:
2022-03-21 17:55:19,845:INFO:{"Type": "Null", "Content": "Nothing", "Emotion": "neutral", "prob_score": null}
2022-03-21 17:55:20,246:INFO:
2022-03-21 17:55:20,246:INFO:{"Type": "Null", "Content": "Nothing", "Emotion": "neutral", "prob_score": null}
2022-03-21 17:55:26,858:INFO:
2022-03-21 17:55:26,858:INFO:{"Type": "greet", "Content": "Hello there my name is Magdela", "Emotion": "neutral", "prob_score": null}
2022-03-21 17:55:26,868:INFO:
2022-03-21 17:55:26,868:INFO:{"Type": "greet", "Content": "Hi, I am a demon of the underworld, horrible to meet you", "Emotion": "neutral", "prob_score": null}
2022-03-21 17:55:26,889:INFO:
2022-03-21 17:55:26,890:INFO:{"Type": "greet", "Content": "Hi, I am a demon of the underworld, horrible to meet you", "Emotion": "neutral", "prob_score": null}
2022-03-21 17:55:26,898:INFO:
2022-03-21 17:55:26,898:INFO:{"Type": "greet", "Content": "Hello there my name is Artorius the second", "Emotion": "neutral", "prob_score": null}
2022-03-21 17:55:26,909:INFO:
2022-03-21 17:55:26,909:INFO:{"Type": "greet", "Content": "Hello there my name is Magdela", "Emotion": "neutral", "prob_score": null}
2022-03-21 17:55:26,917:INFO:
2022-03-21 17:55:26,917:INFO:{"Type": "greet", "Content": "Hi, I am a demon of the underworld, horrible to meet you", "Emotion": "neutral", "prob_score": null}
2022-03-21 17:55:39,178:INFO:What is your name?
2022-03-21 17:55:39,178:INFO:{"Type": "response", "Content": "Artorius.", "Emotion": "neutral", "prob_score": null}
2022-03-21 17:55:51,701:INFO:What do you know about the murder?
2022-03-21 17:55:51,701:INFO:{"Type": "response", "Content": "I know that the victim was a man named Jason. I know that the killer was a man named George. I know that the victim was killed in the woods. I know that the killer was arrested", "Emotion": "neutral", "prob_score": null}
2022-03-21 17:56:30,216:INFO:
2022-03-21 17:56:30,216:INFO:{"Type": "greet", "Content": "Hi, I am a demon of the underworld, horrible to meet you", "Emotion": "neutral", "prob_score": null}
2022-03-21 17:56:30,220:INFO:
2022-03-21 17:56:30,220:INFO:{"Type": "greet", "Content": "Hi, I am a demon of the underworld, horrible to meet you", "Emotion": "neutral", "prob_score": null}
2022-03-21 17:56:30,233:INFO:
2022-03-21 17:56:30,233:INFO:{"Type": "greet", "Content": "Hello there my name is Magdela", "Emotion": "neutral", "prob_score": null}
2022-03-21 17:56:30,247:INFO:
2022-03-21 17:56:30,247:INFO:{"Type": "greet", "Content": "Hello there my name is Magdela", "Emotion": "neutral", "prob_score": null}
2022-03-21 17:56:30,260:INFO:
2022-03-21 17:56:30,261:INFO:{"Type": "greet", "Content": "Hello there my name is Magdela", "Emotion": "neutral", "prob_score": null}
2022-03-21 17:56:38,632:INFO:What do you know about the murder?
2022-03-21 17:56:38,633:INFO:{"Type": "response", "Content": "I know that the victim was a human.", "Emotion": "neutral", "prob_score": null}
2022-03-24 20:35:43,121:INFO:
2022-03-24 20:35:43,123:INFO:{"Type": "Null", "Content": "Nothing", "Emotion": "neutral", "prob_score": null}
2022-03-24 20:39:15,367:INFO:
2022-03-24 20:39:15,367:INFO:{"Type": "Null", "Content": "Nothing", "Emotion": "neutral", "prob_score": null}
2022-03-24 20:47:22,304:INFO:
2022-03-24 20:47:22,304:INFO:{"Type": "Null", "Content": "Nothing", "Emotion": "neutral", "prob_score": null}
2022-03-24 20:49:19,687:INFO:
2022-03-24 20:49:19,687:INFO:{"Type": "Null", "Content": "Nothing", "Emotion": "neutral", "prob_score": null}
2022-03-24 20:49:24,526:INFO:
2022-03-24 20:49:24,526:INFO:{"Type": "Null", "Content": "Nothing", "Emotion": "neutral", "prob_score": null}
2022-03-24 20:57:07,155:INFO:
2022-03-24 20:57:07,155:INFO:{"Type": "Null", "Content": "Nothing", "Emotion": "neutral", "prob_score": null}
2022-03-24 21:02:03,468:INFO:
2022-03-24 21:02:03,468:INFO:{"Type": "Null", "Content": "Nothing", "Emotion": "neutral", "prob_score": null}
2022-03-24 21:04:24,879:INFO:
2022-03-24 21:04:24,879:INFO:{"Type": "Null", "Content": "Nothing", "Emotion": "neutral", "prob_score": null}
2022-03-24 21:06:31,036:INFO:
2022-03-24 21:06:31,036:INFO:{"Type": "Null", "Content": "Nothing", "Emotion": "neutral", "prob_score": null}
2022-03-24 21:09:43,657:INFO:
2022-03-24 21:09:43,657:INFO:{"Type": "Null", "Content": "Nothing", "Emotion": "neutral", "prob_score": null}
2022-03-24 21:09:47,790:INFO:
2022-03-24 21:09:47,790:INFO:{"Type": "Null", "Content": "Nothing", "Emotion": "neutral", "prob_score": null}
2022-03-24 21:09:49,224:INFO:
2022-03-24 21:09:49,224:INFO:{"Type": "Null", "Content": "Nothing", "Emotion": "neutral", "prob_score": null}
2022-03-24 21:09:58,151:INFO:
2022-03-24 21:09:58,151:INFO:{"Type": "greet", "Content": "Hello there my name is Alice", "Emotion": "neutral", "prob_score": null}
2022-03-24 21:09:58,155:INFO:
2022-03-24 21:09:58,155:INFO:{"Type": "greet", "Content": "Hi, I am a demon of the underworld, horrible to meet you", "Emotion": "neutral", "prob_score": null}
2022-03-24 21:09:58,230:INFO:
2022-03-24 21:09:58,230:INFO:{"Type": "greet", "Content": "Hello there my name is Alice", "Emotion": "neutral", "prob_score": null}
2022-03-24 21:09:58,237:INFO:
2022-03-24 21:09:58,237:INFO:{"Type": "greet", "Content": "Hello there my name is Artorius the second", "Emotion": "neutral", "prob_score": null}
2022-03-24 21:09:58,245:INFO:
2022-03-24 21:09:58,245:INFO:{"Type": "greet", "Content": "Hello there my name is Alice", "Emotion": "neutral", "prob_score": null}
2022-03-24 21:09:58,250:INFO:
2022-03-24 21:09:58,250:INFO:{"Type": "greet", "Content": "Hello there my name is Artorius the second", "Emotion": "neutral", "prob_score": null}
2022-03-24 21:09:58,259:INFO:
2022-03-24 21:09:58,259:INFO:{"Type": "greet", "Content": "Hello there my name is Alice", "Emotion": "neutral", "prob_score": null}
2022-03-24 21:09:58,264:INFO:
2022-03-24 21:09:58,264:INFO:{"Type": "greet", "Content": "Hello there my name is Artorius the second", "Emotion": "neutral", "prob_score": null}
2022-03-24 21:09:58,271:INFO:
2022-03-24 21:09:58,271:INFO:{"Type": "greet", "Content": "Hello there my name is Alice", "Emotion": "neutral", "prob_score": null}
2022-03-24 21:09:58,276:INFO:
2022-03-24 21:09:58,276:INFO:{"Type": "greet", "Content": "Hi, I am a demon of the underworld, horrible to meet you", "Emotion": "neutral", "prob_score": null}
2022-03-24 21:10:16,990:INFO:Whats ur name?
2022-03-24 21:10:16,990:INFO:{"Type": "response", "Content": "Artorius.", "Emotion": "neutral", "prob_score": null}
2022-03-25 11:58:44,531:INFO:
2022-03-25 11:58:44,532:INFO:{"Type": "Null", "Content": "Nothing", "Emotion": "neutral", "prob_score": null}
2022-03-25 11:58:48,601:INFO:
2022-03-25 11:58:48,601:INFO:{"Type": "Null", "Content": "Nothing", "Emotion": "neutral", "prob_score": null}
2022-03-25 11:58:50,448:INFO:
2022-03-25 11:58:50,448:INFO:{"Type": "Null", "Content": "Nothing", "Emotion": "neutral", "prob_score": null}
2022-03-25 12:00:56,255:INFO:
2022-03-25 12:00:56,255:INFO:{"Type": "Null", "Content": "Nothing", "Emotion": "neutral", "prob_score": null}
2022-03-25 12:00:58,843:INFO:
2022-03-25 12:00:58,843:INFO:{"Type": "Null", "Content": "Nothing", "Emotion": "neutral", "prob_score": null}
2022-03-25 12:01:00,603:INFO:
2022-03-25 12:01:00,603:INFO:{"Type": "Null", "Content": "Nothing", "Emotion": "neutral", "prob_score": null}
2022-03-25 12:01:59,971:INFO:
2022-03-25 12:01:59,971:INFO:{"Type": "Null", "Content": "Nothing", "Emotion": "neutral", "prob_score": null}
2022-03-25 12:02:00,420:INFO:
2022-03-25 12:02:00,420:INFO:{"Type": "Null", "Content": "Nothing", "Emotion": "neutral", "prob_score": null}
2022-03-25 12:02:00,938:INFO:
2022-03-25 12:02:00,938:INFO:{"Type": "Null", "Content": "Nothing", "Emotion": "neutral", "prob_score": null}
2022-03-25 12:31:07,658:INFO:
2022-03-25 12:31:07,658:INFO:{"Type": "Null", "Content": "Nothing", "Emotion": "neutral", "prob_score": null}
2022-03-25 12:31:10,425:INFO:
2022-03-25 12:31:10,425:INFO:{"Type": "Null", "Content": "Nothing", "Emotion": "neutral", "prob_score": null}
2022-03-25 12:31:10,953:INFO:
2022-03-25 12:31:10,953:INFO:{"Type": "Null", "Content": "Nothing", "Emotion": "neutral", "prob_score": null}
2022-03-25 13:11:56,125:INFO:
2022-03-25 13:11:56,125:INFO:{"Type": "Null", "Content": "Nothing", "Emotion": "neutral", "prob_score": null}
2022-03-25 13:11:56,573:INFO:
2022-03-25 13:11:56,573:INFO:{"Type": "Null", "Content": "Nothing", "Emotion": "neutral", "prob_score": null}
2022-03-25 13:11:56,996:INFO:
2022-03-25 13:11:56,996:INFO:{"Type": "Null", "Content": "Nothing", "Emotion": "neutral", "prob_score": null}
2022-03-25 13:12:07,900:INFO:
2022-03-25 13:12:07,900:INFO:{"Type": "greet", "Content": "Hello there my name is Alice", "Emotion": "neutral", "prob_score": null}
2022-03-25 13:12:07,925:INFO:
2022-03-25 13:12:07,925:INFO:{"Type": "greet", "Content": "Hello there my name is Alice", "Emotion": "neutral", "prob_score": null}
2022-03-25 13:12:07,931:INFO:
2022-03-25 13:12:07,931:INFO:{"Type": "greet", "Content": "Hello there my name is Alice", "Emotion": "neutral", "prob_score": null}
2022-03-25 13:12:07,958:INFO:
2022-03-25 13:12:07,958:INFO:{"Type": "greet", "Content": "Hello there my name is Alice", "Emotion": "neutral", "prob_score": null}
2022-03-25 13:12:07,962:INFO:
2022-03-25 13:12:07,962:INFO:{"Type": "greet", "Content": "Hello there my name is Alice", "Emotion": "neutral", "prob_score": null}
2022-03-25 13:12:07,983:INFO:
2022-03-25 13:12:07,983:INFO:{"Type": "greet", "Content": "Hello there my name is Alice", "Emotion": "neutral", "prob_score": null}
2022-03-25 13:12:07,995:INFO:
2022-03-25 13:12:07,995:INFO:{"Type": "greet", "Content": "Hello there my name is Alice", "Emotion": "neutral", "prob_score": null}
2022-03-25 13:12:14,343:INFO:Where are you from
2022-03-25 13:12:14,343:INFO:{"Type": "response", "Content": "You could at least try to be interesting...", "Emotion": "neutral", "prob_score": null}
2022-03-25 13:12:18,190:INFO:Where are you from?
2022-03-25 13:12:18,190:INFO:{"Type": "response", "Content": "You'd be better off asking me something else", "Emotion": "neutral", "prob_score": null}
2022-03-25 13:12:24,371:INFO:What do you like?
2022-03-25 13:12:24,371:INFO:{"Type": "response", "Content": "This is not the information you're looking for...", "Emotion": "neutral", "prob_score": null}
2022-03-25 13:12:48,289:INFO:What food do you like?
2022-03-25 13:12:48,290:INFO:{"Type": "response", "Content": "This is not the information you're looking for...", "Emotion": "neutral", "prob_score": null}
2022-03-25 13:20:25,565:INFO:
2022-03-25 13:20:25,565:INFO:{"Type": "Null", "Content": "Nothing", "Emotion": "neutral", "prob_score": null}
2022-03-25 13:20:25,955:INFO:
2022-03-25 13:20:25,955:INFO:{"Type": "Null", "Content": "Nothing", "Emotion": "neutral", "prob_score": null}
2022-03-25 13:20:26,437:INFO:
2022-03-25 13:20:26,437:INFO:{"Type": "Null", "Content": "Nothing", "Emotion": "neutral", "prob_score": null}
2022-03-25 13:20:40,847:INFO:
2022-03-25 13:20:40,847:INFO:{"Type": "greet", "Content": "Hello there my name is Alice", "Emotion": "neutral", "prob_score": null}
2022-03-25 13:20:40,854:INFO:
2022-03-25 13:20:40,854:INFO:{"Type": "greet", "Content": "Hello there my name is Artorius the second", "Emotion": "neutral", "prob_score": null}
2022-03-25 13:20:40,871:INFO:
2022-03-25 13:20:40,871:INFO:{"Type": "greet", "Content": "Hello there my name is Alice", "Emotion": "neutral", "prob_score": null}
2022-03-25 13:20:40,878:INFO:
2022-03-25 13:20:40,878:INFO:{"Type": "greet", "Content": "Hi, I am a demon of the underworld, horrible to meet you", "Emotion": "neutral", "prob_score": null}
2022-03-25 13:20:40,893:INFO:
2022-03-25 13:20:40,894:INFO:{"Type": "greet", "Content": "Hello there my name is Alice", "Emotion": "neutral", "prob_score": null}
2022-03-25 13:20:40,899:INFO:
2022-03-25 13:20:40,899:INFO:{"Type": "greet", "Content": "Hi, I am a demon of the underworld, horrible to meet you", "Emotion": "neutral", "prob_score": null}
2022-03-25 13:20:55,624:INFO:Hey what's your name?
2022-03-25 13:20:55,624:INFO:{"Type": "response", "Content": "Harry.", "Emotion": "neutral", "prob_score": null}
2022-03-25 13:21:05,092:INFO:What do you like?
2022-03-25 13:21:05,092:INFO:{"Type": "response", "Content": "Sushi.", "Emotion": "neutral", "prob_score": null}
2022-03-25 13:24:50,259:INFO:
2022-03-25 13:24:50,259:INFO:{"Type": "Null", "Content": "Nothing", "Emotion": "neutral", "prob_score": null}
2022-03-25 13:24:50,638:INFO:
2022-03-25 13:24:50,638:INFO:{"Type": "Null", "Content": "Nothing", "Emotion": "neutral", "prob_score": null}
2022-03-25 13:24:51,109:INFO:
2022-03-25 13:24:51,109:INFO:{"Type": "Null", "Content": "Nothing", "Emotion": "neutral", "prob_score": null}
2022-03-25 13:27:10,349:INFO:
2022-03-25 13:27:10,349:INFO:{"Type": "Null", "Content": "Nothing", "Emotion": "neutral", "prob_score": null}
2022-03-25 13:27:10,736:INFO:
2022-03-25 13:27:10,736:INFO:{"Type": "Null", "Content": "Nothing", "Emotion": "neutral", "prob_score": null}
2022-03-25 13:27:11,115:INFO:
2022-03-25 13:27:11,115:INFO:{"Type": "Null", "Content": "Nothing", "Emotion": "neutral", "prob_score": null}
2022-03-25 13:27:20,017:INFO:
2022-03-25 13:27:20,017:INFO:{"Type": "greet", "Content": "Hello there my name is Alice", "Emotion": "neutral", "prob_score": null}
2022-03-25 13:27:20,024:INFO:
2022-03-25 13:27:20,024:INFO:{"Type": "greet", "Content": "Hello there my name is Artorius the second", "Emotion": "neutral", "prob_score": null}
2022-03-25 13:27:20,044:INFO:
2022-03-25 13:27:20,044:INFO:{"Type": "greet", "Content": "Hello there my name is Alice", "Emotion": "neutral", "prob_score": null}
2022-03-25 13:27:20,050:INFO:
2022-03-25 13:27:20,050:INFO:{"Type": "greet", "Content": "What's up my guy!", "Emotion": "neutral", "prob_score": null}
2022-03-25 13:27:20,066:INFO:
2022-03-25 13:27:20,066:INFO:{"Type": "greet", "Content": "Hello there my name is Alice", "Emotion": "neutral", "prob_score": null}
2022-03-25 13:27:20,073:INFO:
2022-03-25 13:27:20,073:INFO:{"Type": "greet", "Content": "What's up my guy!", "Emotion": "neutral", "prob_score": null}
2022-03-25 13:27:20,083:INFO:
2022-03-25 13:27:20,083:INFO:{"Type": "greet", "Content": "Hello there my name is Alice", "Emotion": "neutral", "prob_score": null}
2022-03-25 13:27:20,088:INFO:
2022-03-25 13:27:20,088:INFO:{"Type": "greet", "Content": "What's up my guy!", "Emotion": "neutral", "prob_score": null}
2022-03-25 13:27:20,107:INFO:
2022-03-25 13:27:20,107:INFO:{"Type": "greet", "Content": "Hello there my name is Alice", "Emotion": "neutral", "prob_score": null}
2022-03-25 13:27:20,114:INFO:
2022-03-25 13:27:20,114:INFO:{"Type": "greet", "Content": "Hello there my name is Artorius the second", "Emotion": "neutral", "prob_score": null}
2022-03-25 13:27:20,123:INFO:
2022-03-25 13:27:20,123:INFO:{"Type": "greet", "Content": "Hello there my name is Alice", "Emotion": "neutral", "prob_score": null}
2022-03-25 13:27:20,130:INFO:
2022-03-25 13:27:20,130:INFO:{"Type": "greet", "Content": "What's up my guy!", "Emotion": "neutral", "prob_score": null}
2022-03-25 13:27:31,218:INFO:What do you like?
2022-03-25 13:27:31,218:INFO:{"Type": "response", "Content": "Sushi.", "Emotion": "neutral", "prob_score": null}
2022-03-25 13:27:36,099:INFO:
2022-03-25 13:27:36,099:INFO:{"Type": "greet", "Content": "What's up my guy!", "Emotion": "neutral", "prob_score": null}
2022-03-25 13:27:36,106:INFO:
2022-03-25 13:27:36,106:INFO:{"Type": "greet", "Content": "Hello there my name is Artorius the second", "Emotion": "neutral", "prob_score": null}
2022-03-25 13:27:36,133:INFO:
2022-03-25 13:27:36,133:INFO:{"Type": "greet", "Content": "What's up my guy!", "Emotion": "neutral", "prob_score": null}
2022-03-25 13:27:36,139:INFO:
2022-03-25 13:27:36,139:INFO:{"Type": "greet", "Content": "Hello there my name is Artorius the second", "Emotion": "neutral", "prob_score": null}
2022-03-25 13:27:36,167:INFO:
2022-03-25 13:27:36,167:INFO:{"Type": "greet", "Content": "What's up my guy!", "Emotion": "neutral", "prob_score": null}
2022-03-25 13:27:43,842:INFO:What do you like?
2022-03-25 13:27:43,843:INFO:{"Type": "response", "Content": "Sushi.", "Emotion": "neutral", "prob_score": null}
2022-03-25 13:27:47,086:INFO:
2022-03-25 13:27:47,087:INFO:{"Type": "greet", "Content": "Hello there my name is Alice", "Emotion": "neutral", "prob_score": null}
2022-03-25 13:27:47,092:INFO:
2022-03-25 13:27:47,092:INFO:{"Type": "greet", "Content": "Hello there my name is Alice", "Emotion": "neutral", "prob_score": null}
2022-03-25 13:27:47,110:INFO:
2022-03-25 13:27:47,110:INFO:{"Type": "greet", "Content": "Hello there my name is Alice", "Emotion": "neutral", "prob_score": null}
2022-03-25 13:27:47,119:INFO:
2022-03-25 13:27:47,119:INFO:{"Type": "greet", "Content": "Hello there my name is Alice", "Emotion": "neutral", "prob_score": null}
2022-03-25 13:27:47,146:INFO:
2022-03-25 13:27:47,146:INFO:{"Type": "greet", "Content": "Hello there my name is Alice", "Emotion": "neutral", "prob_score": null}
2022-03-25 13:27:47,153:INFO:
2022-03-25 13:27:47,153:INFO:{"Type": "greet", "Content": "Hello there my name is Alice", "Emotion": "neutral", "prob_score": null}
2022-03-25 13:27:47,180:INFO:
2022-03-25 13:27:47,180:INFO:{"Type": "greet", "Content": "Hello there my name is Alice", "Emotion": "neutral", "prob_score": null}
2022-03-25 13:32:21,758:INFO:
2022-03-25 13:32:21,758:INFO:{"Type": "Null", "Content": "Nothing", "Emotion": "neutral", "prob_score": null}
2022-03-25 13:32:22,141:INFO:
2022-03-25 13:32:22,141:INFO:{"Type": "Null", "Content": "Nothing", "Emotion": "neutral", "prob_score": null}
2022-03-25 13:32:22,749:INFO:
2022-03-25 13:32:22,749:INFO:{"Type": "Null", "Content": "Nothing", "Emotion": "neutral", "prob_score": null}
2022-03-25 13:32:27,741:INFO:
2022-03-25 13:32:27,742:INFO:{"Type": "greet", "Content": "Hello there my name is Alice", "Emotion": "neutral", "prob_score": null}
2022-03-25 15:14:05,354:INFO:
2022-03-25 15:14:05,355:INFO:{"Type": "Null", "Content": "Nothing", "Emotion": "neutral", "prob_score": null}
2022-03-25 15:14:05,741:INFO:
2022-03-25 15:14:05,741:INFO:{"Type": "Null", "Content": "Nothing", "Emotion": "neutral", "prob_score": null}
2022-03-25 15:14:06,201:INFO:
2022-03-25 15:14:06,201:INFO:{"Type": "Null", "Content": "Nothing", "Emotion": "neutral", "prob_score": null}
2022-03-25 15:17:31,380:INFO:
2022-03-25 15:17:31,380:INFO:{"Type": "Null", "Content": "Nothing", "Emotion": "neutral", "prob_score": null}
2022-03-25 15:17:31,780:INFO:
2022-03-25 15:17:31,780:INFO:{"Type": "Null", "Content": "Nothing", "Emotion": "neutral", "prob_score": null}
2022-03-25 15:17:32,165:INFO:
2022-03-25 15:17:32,165:INFO:{"Type": "Null", "Content": "Nothing", "Emotion": "neutral", "prob_score": null}
2022-03-25 15:20:06,219:INFO:
2022-03-25 15:20:06,219:INFO:{"Type": "Null", "Content": "Nothing", "Emotion": "neutral", "prob_score": null}
2022-03-25 15:20:33,727:INFO:
2022-03-25 15:20:33,728:INFO:{"Type": "Null", "Content": "Nothing", "Emotion": "neutral", "prob_score": null}
2022-03-25 15:20:34,140:INFO:
2022-03-25 15:20:34,140:INFO:{"Type": "Null", "Content": "Nothing", "Emotion": "neutral", "prob_score": null}
2022-03-25 15:20:34,622:INFO:
2022-03-25 15:20:34,623:INFO:{"Type": "Null", "Content": "Nothing", "Emotion": "neutral", "prob_score": null}
2022-03-25 15:20:53,465:INFO:
2022-03-25 15:20:53,465:INFO:{"Type": "greet", "Content": "Hello there my name is Alice", "Emotion": "neutral", "prob_score": null}
2022-03-25 15:20:53,472:INFO:
2022-03-25 15:20:53,472:INFO:{"Type": "greet", "Content": "Hello there my name is Artorius the second", "Emotion": "neutral", "prob_score": null}
2022-03-25 15:20:53,474:INFO:
2022-03-25 15:20:53,474:INFO:{"Type": "greet", "Content": "Hello there my name is Bobby", "Emotion": "neutral", "prob_score": null}
2022-03-25 15:20:53,494:INFO:
2022-03-25 15:20:53,494:INFO:{"Type": "greet", "Content": "Hello there my name is Alice", "Emotion": "neutral", "prob_score": null}
2022-03-25 15:20:53,500:INFO:
2022-03-25 15:20:53,500:INFO:{"Type": "greet", "Content": "Hello there my name is Artorius the second", "Emotion": "neutral", "prob_score": null}
2022-03-25 15:20:53,504:INFO:
2022-03-25 15:20:53,504:INFO:{"Type": "greet", "Content": "Hello there my name is Bobby", "Emotion": "neutral", "prob_score": null}
2022-03-25 15:20:53,521:INFO:
2022-03-25 15:20:53,521:INFO:{"Type": "greet", "Content": "Hello there my name is Alice", "Emotion": "neutral", "prob_score": null}
2022-03-25 15:20:53,528:INFO:
2022-03-25 15:20:53,528:INFO:{"Type": "greet", "Content": "Hello there my name is Artorius the second", "Emotion": "neutral", "prob_score": null}
2022-03-25 15:20:53,531:INFO:
2022-03-25 15:20:53,531:INFO:{"Type": "greet", "Content": "Hello there my name is Bobby", "Emotion": "neutral", "prob_score": null}
2022-03-25 15:20:53,538:INFO:
2022-03-25 15:20:53,538:INFO:{"Type": "greet", "Content": "Hello there my name is Alice", "Emotion": "neutral", "prob_score": null}
2022-03-25 15:20:53,544:INFO:
2022-03-25 15:20:53,544:INFO:{"Type": "greet", "Content": "What's up my guy!", "Emotion": "neutral", "prob_score": null}
2022-03-25 15:20:53,547:INFO:
2022-03-25 15:20:53,547:INFO:{"Type": "greet", "Content": "Hi, I work in marketing but lets not talk about that...", "Emotion": "neutral", "prob_score": null}
2022-03-25 15:21:05,342:INFO:Whats your name?
2022-03-25 15:21:05,342:INFO:{"Type": "response", "Content": "Bobby.", "Emotion": "neutral", "prob_score": null}
2022-03-25 15:21:12,952:INFO:What do you like?
2022-03-25 15:21:12,952:INFO:{"Type": "response", "Content": "Pirates of the Caribbean.", "Emotion": "neutral", "prob_score": null}